Started GET "/" for 127.0.0.1 at 2018-09-05 01:43:29 -0700
Processing by PagesController#index as HTML
Completed 500 Internal Server Error in 131ms


  
Gem::LoadError (Specified 'sqlite3' for database adapter, but the gem is not loaded. Add `gem 'sqlite3'` to your Gemfile (and ensure its version is at the minimum required by ActiveRecord).):
  
activerecord (5.1.6) lib/active_record/connection_adapters/connection_specification.rb:188:in `rescue in spec'
activerecord (5.1.6) lib/active_record/connection_adapters/connection_specification.rb:185:in `spec'
activerecord (5.1.6) lib/active_record/connection_adapters/abstract/connection_pool.rb:880:in `establish_connection'
activerecord (5.1.6) lib/active_record/connection_handling.rb:58:in `establish_connection'
activerecord (5.1.6) lib/active_record/railtie.rb:124:in `block (2 levels) in <class:Railtie>'
activesupport (5.1.6) lib/active_support/lazy_load_hooks.rb:69:in `instance_eval'
activesupport (5.1.6) lib/active_support/lazy_load_hooks.rb:69:in `block in execute_hook'
activesupport (5.1.6) lib/active_support/lazy_load_hooks.rb:60:in `with_execution_control'
activesupport (5.1.6) lib/active_support/lazy_load_hooks.rb:65:in `execute_hook'
activesupport (5.1.6) lib/active_support/lazy_load_hooks.rb:50:in `block in run_load_hooks'
activesupport (5.1.6) lib/active_support/lazy_load_hooks.rb:49:in `each'
activesupport (5.1.6) lib/active_support/lazy_load_hooks.rb:49:in `run_load_hooks'
activerecord (5.1.6) lib/active_record/base.rb:326:in `<module:ActiveRecord>'
activerecord (5.1.6) lib/active_record/base.rb:25:in `<top (required)>'
activesupport (5.1.6) lib/active_support/dependencies.rb:292:in `require'
activesupport (5.1.6) lib/active_support/dependencies.rb:292:in `block in require'
activesupport (5.1.6) lib/active_support/dependencies.rb:258:in `load_dependency'
activesupport (5.1.6) lib/active_support/dependencies.rb:292:in `require'
activerecord (5.1.6) lib/active_record/railties/controller_runtime.rb:26:in `cleanup_view_runtime'
actionpack (5.1.6) lib/action_controller/metal/instrumentation.rb:43:in `render'
actionpack (5.1.6) lib/action_controller/metal/implicit_render.rb:33:in `default_render'
actionpack (5.1.6) lib/action_controller/metal/basic_implicit_render.rb:4:in `send_action'
actionpack (5.1.6) lib/abstract_controller/base.rb:186:in `process_action'
actionpack (5.1.6) lib/action_controller/metal/rendering.rb:30:in `process_action'
actionpack (5.1.6) lib/abstract_controller/callbacks.rb:20:in `block in process_action'
activesupport (5.1.6) lib/active_support/callbacks.rb:131:in `run_callbacks'
actionpack (5.1.6) lib/abstract_controller/callbacks.rb:19:in `process_action'
actionpack (5.1.6) lib/action_controller/metal/rescue.rb:20:in `process_action'
actionpack (5.1.6) lib/action_controller/metal/instrumentation.rb:32:in `block in process_action'
activesupport (5.1.6) lib/active_support/notifications.rb:166:in `block in instrument'
activesupport (5.1.6) lib/active_support/notifications/instrumenter.rb:21:in `instrument'
activesupport (5.1.6) lib/active_support/notifications.rb:166:in `instrument'
actionpack (5.1.6) lib/action_controller/metal/instrumentation.rb:30:in `process_action'
actionpack (5.1.6) lib/action_controller/metal/params_wrapper.rb:252:in `process_action'
activerecord (5.1.6) lib/active_record/railties/controller_runtime.rb:22:in `process_action'
actionpack (5.1.6) lib/abstract_controller/base.rb:124:in `process'
actionview (5.1.6) lib/action_view/rendering.rb:30:in `process'
actionpack (5.1.6) lib/action_controller/metal.rb:189:in `dispatch'
actionpack (5.1.6) lib/action_controller/metal.rb:253:in `dispatch'
actionpack (5.1.6) lib/action_dispatch/routing/route_set.rb:49:in `dispatch'
actionpack (5.1.6) lib/action_dispatch/routing/route_set.rb:31:in `serve'
actionpack (5.1.6) lib/action_dispatch/journey/router.rb:50:in `block in serve'
actionpack (5.1.6) lib/action_dispatch/journey/router.rb:33:in `each'
actionpack (5.1.6) lib/action_dispatch/journey/router.rb:33:in `serve'
actionpack (5.1.6) lib/action_dispatch/routing/route_set.rb:844:in `call'
rack (2.0.5) lib/rack/etag.rb:25:in `call'
rack (2.0.5) lib/rack/conditional_get.rb:25:in `call'
rack (2.0.5) lib/rack/head.rb:12:in `call'
rack (2.0.5) lib/rack/session/abstract/id.rb:232:in `context'
rack (2.0.5) lib/rack/session/abstract/id.rb:226:in `call'
actionpack (5.1.6) lib/action_dispatch/middleware/cookies.rb:613:in `call'
activerecord (5.1.6) lib/active_record/migration.rb:556:in `call'
actionpack (5.1.6) lib/action_dispatch/middleware/callbacks.rb:26:in `block in call'
activesupport (5.1.6) lib/active_support/callbacks.rb:97:in `run_callbacks'
actionpack (5.1.6) lib/action_dispatch/middleware/callbacks.rb:24:in `call'
actionpack (5.1.6) lib/action_dispatch/middleware/executor.rb:12:in `call'
actionpack (5.1.6) lib/action_dispatch/middleware/debug_exceptions.rb:59:in `call'
web-console (3.7.0) lib/web_console/middleware.rb:135:in `call_app'
web-console (3.7.0) lib/web_console/middleware.rb:30:in `block in call'
web-console (3.7.0) lib/web_console/middleware.rb:20:in `catch'
web-console (3.7.0) lib/web_console/middleware.rb:20:in `call'
actionpack (5.1.6) lib/action_dispatch/middleware/show_exceptions.rb:31:in `call'
railties (5.1.6) lib/rails/rack/logger.rb:36:in `call_app'
railties (5.1.6) lib/rails/rack/logger.rb:24:in `block in call'
activesupport (5.1.6) lib/active_support/tagged_logging.rb:69:in `block in tagged'
activesupport (5.1.6) lib/active_support/tagged_logging.rb:26:in `tagged'
activesupport (5.1.6) lib/active_support/tagged_logging.rb:69:in `tagged'
railties (5.1.6) lib/rails/rack/logger.rb:24:in `call'
sprockets-rails (3.2.1) lib/sprockets/rails/quiet_assets.rb:13:in `call'
actionpack (5.1.6) lib/action_dispatch/middleware/remote_ip.rb:79:in `call'
actionpack (5.1.6) lib/action_dispatch/middleware/request_id.rb:25:in `call'
rack (2.0.5) lib/rack/method_override.rb:22:in `call'
rack (2.0.5) lib/rack/runtime.rb:22:in `call'
activesupport (5.1.6) lib/active_support/cache/strategy/local_cache_middleware.rb:27:in `call'
actionpack (5.1.6) lib/action_dispatch/middleware/executor.rb:12:in `call'
actionpack (5.1.6) lib/action_dispatch/middleware/static.rb:125:in `call'
rack (2.0.5) lib/rack/sendfile.rb:111:in `call'
railties (5.1.6) lib/rails/engine.rb:522:in `call'
puma (3.12.0) lib/puma/configuration.rb:225:in `call'
puma (3.12.0) lib/puma/server.rb:658:in `handle_request'
puma (3.12.0) lib/puma/server.rb:472:in `process_client'
puma (3.12.0) lib/puma/server.rb:332:in `block in run'
puma (3.12.0) lib/puma/thread_pool.rb:133:in `block in spawn_thread'
Started GET "/" for 127.0.0.1 at 2018-09-05 01:44:20 -0700
Processing by PagesController#index as HTML
  Rendering pages/index.html.erb within layouts/application
  Rendered pages/index.html.erb within layouts/application (0.3ms)
Completed 500 Internal Server Error in 115ms


  
ActionView::Template::Error (File to import not found or unreadable: bootstrap/scss/functions.
Load paths:
  /home/vuongkykhan/ruby/hero-rails/app/assets/config
  /home/vuongkykhan/ruby/hero-rails/app/assets/images
  /home/vuongkykhan/ruby/hero-rails/app/assets/javascripts
  /home/vuongkykhan/ruby/hero-rails/app/assets/stylesheets
  /home/vuongkykhan/.rbenv/versions/2.5.1/lib/ruby/gems/2.5.0/gems/coffee-rails-4.2.2/lib/assets/javascripts
  /home/vuongkykhan/.rbenv/versions/2.5.1/lib/ruby/gems/2.5.0/gems/actioncable-5.1.6/lib/assets/compiled
  /home/vuongkykhan/.rbenv/versions/2.5.1/lib/ruby/gems/2.5.0/gems/actionview-5.1.6/lib/assets/compiled
  /home/vuongkykhan/.rbenv/versions/2.5.1/lib/ruby/gems/2.5.0/gems/turbolinks-source-5.2.0/lib/assets/javascripts
  /home/vuongkykhan/ruby/hero-rails/node_modules):
     7:     <title>Hero Rails - Rail 5 and Bootstrap 4 Admin Boilerplate </title>
     8:     <%= csrf_meta_tags %>
     9: 
    10:     <%= stylesheet_link_tag    'application', media: 'all', 'data-turbolinks-track': 'reload' %>
    11: 
    12:   </head>
    13: 
  
app/assets/stylesheets/application.scss:2
app/views/layouts/application.html.erb:10:in `_app_views_layouts_application_html_erb___4244931507612779575_47444661254280'
Started GET "/" for 127.0.0.1 at 2018-09-05 01:44:52 -0700
Processing by PagesController#index as HTML
  Rendering pages/index.html.erb within layouts/application
  Rendered pages/index.html.erb within layouts/application (0.8ms)
Completed 500 Internal Server Error in 280ms


  
ActionView::Template::Error (File to import not found or unreadable: bootstrap/scss/functions.
Load paths:
  /home/vuongkykhan/ruby/hero-rails/app/assets/config
  /home/vuongkykhan/ruby/hero-rails/app/assets/images
  /home/vuongkykhan/ruby/hero-rails/app/assets/javascripts
  /home/vuongkykhan/ruby/hero-rails/app/assets/stylesheets
  /home/vuongkykhan/.rbenv/versions/2.5.1/lib/ruby/gems/2.5.0/gems/coffee-rails-4.2.2/lib/assets/javascripts
  /home/vuongkykhan/.rbenv/versions/2.5.1/lib/ruby/gems/2.5.0/gems/actioncable-5.1.6/lib/assets/compiled
  /home/vuongkykhan/.rbenv/versions/2.5.1/lib/ruby/gems/2.5.0/gems/actionview-5.1.6/lib/assets/compiled
  /home/vuongkykhan/.rbenv/versions/2.5.1/lib/ruby/gems/2.5.0/gems/turbolinks-source-5.2.0/lib/assets/javascripts
  /home/vuongkykhan/ruby/hero-rails/node_modules):
     7:     <title>Hero Rails - Rail 5 and Bootstrap 4 Admin Boilerplate </title>
     8:     <%= csrf_meta_tags %>
     9: 
    10:     <%= stylesheet_link_tag    'application', media: 'all', 'data-turbolinks-track': 'reload' %>
    11: 
    12:   </head>
    13: 
  
app/assets/stylesheets/application.scss:2
app/views/layouts/application.html.erb:10:in `_app_views_layouts_application_html_erb___341108816780225005_70062898480460'
Started GET "/" for 127.0.0.1 at 2018-09-05 01:46:52 -0700
Processing by PagesController#index as HTML
  Rendering pages/index.html.erb within layouts/application
  Rendered pages/index.html.erb within layouts/application (0.4ms)
Completed 500 Internal Server Error in 42ms


  
ActionView::Template::Error (File to import not found or unreadable: bootstrap/scss/bootstrap.
Load paths:
  /home/vuongkykhan/ruby/hero-rails/app/assets/config
  /home/vuongkykhan/ruby/hero-rails/app/assets/images
  /home/vuongkykhan/ruby/hero-rails/app/assets/javascripts
  /home/vuongkykhan/ruby/hero-rails/app/assets/stylesheets
  /home/vuongkykhan/.rbenv/versions/2.5.1/lib/ruby/gems/2.5.0/gems/coffee-rails-4.2.2/lib/assets/javascripts
  /home/vuongkykhan/.rbenv/versions/2.5.1/lib/ruby/gems/2.5.0/gems/actioncable-5.1.6/lib/assets/compiled
  /home/vuongkykhan/.rbenv/versions/2.5.1/lib/ruby/gems/2.5.0/gems/actionview-5.1.6/lib/assets/compiled
  /home/vuongkykhan/.rbenv/versions/2.5.1/lib/ruby/gems/2.5.0/gems/turbolinks-source-5.2.0/lib/assets/javascripts
  /home/vuongkykhan/ruby/hero-rails/node_modules):
     7:     <title>Hero Rails - Rail 5 and Bootstrap 4 Admin Boilerplate </title>
     8:     <%= csrf_meta_tags %>
     9: 
    10:     <%= stylesheet_link_tag    'application', media: 'all', 'data-turbolinks-track': 'reload' %>
    11: 
    12:   </head>
    13: 
  
app/assets/stylesheets/application.scss:9
app/views/layouts/application.html.erb:10:in `_app_views_layouts_application_html_erb___341108816780225005_70062903516740'
Started GET "/" for 127.0.0.1 at 2018-09-05 01:47:03 -0700
Processing by PagesController#index as HTML
  Rendering pages/index.html.erb within layouts/application
  Rendered pages/index.html.erb within layouts/application (0.4ms)
Completed 500 Internal Server Error in 21ms


  
ActionView::Template::Error (File to import not found or unreadable: material-design-kit/src/style.
Load paths:
  /home/vuongkykhan/ruby/hero-rails/app/assets/config
  /home/vuongkykhan/ruby/hero-rails/app/assets/images
  /home/vuongkykhan/ruby/hero-rails/app/assets/javascripts
  /home/vuongkykhan/ruby/hero-rails/app/assets/stylesheets
  /home/vuongkykhan/.rbenv/versions/2.5.1/lib/ruby/gems/2.5.0/gems/coffee-rails-4.2.2/lib/assets/javascripts
  /home/vuongkykhan/.rbenv/versions/2.5.1/lib/ruby/gems/2.5.0/gems/actioncable-5.1.6/lib/assets/compiled
  /home/vuongkykhan/.rbenv/versions/2.5.1/lib/ruby/gems/2.5.0/gems/actionview-5.1.6/lib/assets/compiled
  /home/vuongkykhan/.rbenv/versions/2.5.1/lib/ruby/gems/2.5.0/gems/turbolinks-source-5.2.0/lib/assets/javascripts
  /home/vuongkykhan/ruby/hero-rails/node_modules):
     7:     <title>Hero Rails - Rail 5 and Bootstrap 4 Admin Boilerplate </title>
     8:     <%= csrf_meta_tags %>
     9: 
    10:     <%= stylesheet_link_tag    'application', media: 'all', 'data-turbolinks-track': 'reload' %>
    11: 
    12:   </head>
    13: 
  
app/assets/stylesheets/application.scss:13
app/views/layouts/application.html.erb:10:in `_app_views_layouts_application_html_erb___341108816780225005_70062909632820'
Started GET "/" for 127.0.0.1 at 2018-09-05 01:47:12 -0700
Processing by PagesController#index as HTML
  Rendering pages/index.html.erb within layouts/application
  Rendered pages/index.html.erb within layouts/application (0.7ms)
Completed 500 Internal Server Error in 55ms


  
ActionView::Template::Error (Undefined mixin 'media-breakpoint-up'.):
     7:     <title>Hero Rails - Rail 5 and Bootstrap 4 Admin Boilerplate </title>
     8:     <%= csrf_meta_tags %>
     9: 
    10:     <%= stylesheet_link_tag    'application', media: 'all', 'data-turbolinks-track': 'reload' %>
    11: 
    12:   </head>
    13: 
  
app/assets/stylesheets/_layout.scss:13:in `media-breakpoint-up'
app/assets/stylesheets/_layout.scss:13
app/assets/stylesheets/application.scss:18
app/views/layouts/application.html.erb:10:in `_app_views_layouts_application_html_erb___341108816780225005_70062912106800'
Started GET "/" for 127.0.0.1 at 2018-09-05 01:49:09 -0700
Processing by PagesController#index as HTML
  Rendering pages/index.html.erb within layouts/application
  Rendered pages/index.html.erb within layouts/application (0.7ms)
Completed 500 Internal Server Error in 267ms


  
ActionView::Template::Error (File to import not found or unreadable: bootstrap/scss/functions.
Load paths:
  /home/vuongkykhan/ruby/hero-rails/app/assets/config
  /home/vuongkykhan/ruby/hero-rails/app/assets/images
  /home/vuongkykhan/ruby/hero-rails/app/assets/javascripts
  /home/vuongkykhan/ruby/hero-rails/app/assets/stylesheets
  /home/vuongkykhan/.rbenv/versions/2.5.1/lib/ruby/gems/2.5.0/gems/coffee-rails-4.2.2/lib/assets/javascripts
  /home/vuongkykhan/.rbenv/versions/2.5.1/lib/ruby/gems/2.5.0/gems/actioncable-5.1.6/lib/assets/compiled
  /home/vuongkykhan/.rbenv/versions/2.5.1/lib/ruby/gems/2.5.0/gems/actionview-5.1.6/lib/assets/compiled
  /home/vuongkykhan/.rbenv/versions/2.5.1/lib/ruby/gems/2.5.0/gems/turbolinks-source-5.2.0/lib/assets/javascripts
  /home/vuongkykhan/ruby/hero-rails/node_modules):
     7:     <title>Hero Rails - Rail 5 and Bootstrap 4 Admin Boilerplate </title>
     8:     <%= csrf_meta_tags %>
     9: 
    10:     <%= stylesheet_link_tag    'application', media: 'all', 'data-turbolinks-track': 'reload' %>
    11: 
    12:   </head>
    13: 
  
app/assets/stylesheets/application.scss:2
app/views/layouts/application.html.erb:10:in `_app_views_layouts_application_html_erb___3125033055421644626_47119781910900'
Started GET "/" for 127.0.0.1 at 2018-09-05 01:52:45 -0700
Processing by PagesController#index as HTML
  Rendering pages/index.html.erb within layouts/application
  Rendered pages/index.html.erb within layouts/application (0.8ms)
  Rendered layouts/_navbar.html.erb (0.5ms)
  Rendered layouts/_sidebar.html.erb (0.3ms)
Completed 200 OK in 3039ms (Views: 2882.4ms)


Started GET "/" for 127.0.0.1 at 2018-09-05 01:53:09 -0700
Processing by PagesController#index as HTML
  Rendering pages/index.html.erb within layouts/application
  Rendered pages/index.html.erb within layouts/application (0.4ms)
  Rendered layouts/_navbar.html.erb (0.6ms)
  Rendered layouts/_sidebar.html.erb (0.3ms)
Completed 200 OK in 29ms (Views: 27.5ms)


Started GET "/second" for 127.0.0.1 at 2018-09-05 01:53:09 -0700
Processing by PagesController#second as HTML
  Rendering pages/second.html.erb within layouts/application
  Rendered pages/second.html.erb within layouts/application (0.4ms)
  Rendered layouts/_navbar.html.erb (0.4ms)
  Rendered layouts/_sidebar.html.erb (0.3ms)
Completed 200 OK in 26ms (Views: 24.8ms)


Started GET "/second" for 127.0.0.1 at 2018-09-05 01:53:10 -0700
Processing by PagesController#second as HTML
  Rendering pages/second.html.erb within layouts/application
  Rendered pages/second.html.erb within layouts/application (0.3ms)
  Rendered layouts/_navbar.html.erb (0.5ms)
  Rendered layouts/_sidebar.html.erb (0.3ms)
Completed 200 OK in 25ms (Views: 24.1ms)


Started GET "/" for 127.0.0.1 at 2018-09-05 01:53:11 -0700
Processing by PagesController#index as HTML
  Rendering pages/index.html.erb within layouts/application
  Rendered pages/index.html.erb within layouts/application (0.3ms)
  Rendered layouts/_navbar.html.erb (0.5ms)
  Rendered layouts/_sidebar.html.erb (0.6ms)
Completed 200 OK in 31ms (Views: 30.4ms)


Started GET "/second" for 127.0.0.1 at 2018-09-05 01:53:11 -0700
Processing by PagesController#second as HTML
  Rendering pages/second.html.erb within layouts/application
  Rendered pages/second.html.erb within layouts/application (0.5ms)
  Rendered layouts/_navbar.html.erb (0.5ms)
  Rendered layouts/_sidebar.html.erb (0.3ms)
Completed 200 OK in 35ms (Views: 33.7ms)


Started GET "/" for 127.0.0.1 at 2018-09-05 01:53:11 -0700
Processing by PagesController#index as HTML
  Rendering pages/index.html.erb within layouts/application
  Rendered pages/index.html.erb within layouts/application (0.4ms)
  Rendered layouts/_navbar.html.erb (0.4ms)
  Rendered layouts/_sidebar.html.erb (0.3ms)
Completed 200 OK in 45ms (Views: 43.7ms)


Started GET "/" for 127.0.0.1 at 2018-09-05 01:53:12 -0700
Processing by PagesController#index as HTML
  Rendering pages/index.html.erb within layouts/application
  Rendered pages/index.html.erb within layouts/application (0.4ms)
  Rendered layouts/_navbar.html.erb (0.5ms)
  Rendered layouts/_sidebar.html.erb (0.4ms)
Completed 200 OK in 46ms (Views: 44.5ms)


Started GET "/second" for 127.0.0.1 at 2018-09-05 01:53:13 -0700
Processing by PagesController#second as HTML
  Rendering pages/second.html.erb within layouts/application
  Rendered pages/second.html.erb within layouts/application (0.4ms)
  Rendered layouts/_navbar.html.erb (0.5ms)
  Rendered layouts/_sidebar.html.erb (0.2ms)
Completed 200 OK in 32ms (Views: 30.8ms)


Started GET "/" for 127.0.0.1 at 2018-09-05 01:53:13 -0700
Processing by PagesController#index as HTML
  Rendering pages/index.html.erb within layouts/application
  Rendered pages/index.html.erb within layouts/application (0.3ms)
  Rendered layouts/_navbar.html.erb (0.7ms)
  Rendered layouts/_sidebar.html.erb (0.3ms)
Completed 200 OK in 46ms (Views: 45.1ms)


Started GET "/second" for 127.0.0.1 at 2018-09-05 01:53:14 -0700
Processing by PagesController#second as HTML
  Rendering pages/second.html.erb within layouts/application
  Rendered pages/second.html.erb within layouts/application (0.3ms)
  Rendered layouts/_navbar.html.erb (0.4ms)
  Rendered layouts/_sidebar.html.erb (0.5ms)
Completed 200 OK in 32ms (Views: 31.2ms)


Started GET "/" for 127.0.0.1 at 2018-09-05 01:53:14 -0700
Processing by PagesController#index as HTML
  Rendering pages/index.html.erb within layouts/application
  Rendered pages/index.html.erb within layouts/application (0.3ms)
  Rendered layouts/_navbar.html.erb (0.5ms)
  Rendered layouts/_sidebar.html.erb (0.6ms)
Completed 200 OK in 30ms (Views: 28.4ms)


Started GET "/second" for 127.0.0.1 at 2018-09-05 01:53:15 -0700
Processing by PagesController#second as HTML
  Rendering pages/second.html.erb within layouts/application
  Rendered pages/second.html.erb within layouts/application (0.3ms)
  Rendered layouts/_navbar.html.erb (0.7ms)
  Rendered layouts/_sidebar.html.erb (0.4ms)
Completed 200 OK in 30ms (Views: 28.4ms)


Started GET "/second" for 127.0.0.1 at 2018-09-05 01:53:17 -0700
Processing by PagesController#second as HTML
  Rendering pages/second.html.erb within layouts/application
  Rendered pages/second.html.erb within layouts/application (0.4ms)
  Rendered layouts/_navbar.html.erb (0.6ms)
  Rendered layouts/_sidebar.html.erb (0.4ms)
Completed 200 OK in 40ms (Views: 38.5ms)


Started GET "/" for 127.0.0.1 at 2018-09-05 01:53:18 -0700
Processing by PagesController#index as HTML
  Rendering pages/index.html.erb within layouts/application
  Rendered pages/index.html.erb within layouts/application (0.4ms)
  Rendered layouts/_navbar.html.erb (0.6ms)
  Rendered layouts/_sidebar.html.erb (0.2ms)
Completed 200 OK in 41ms (Views: 39.2ms)


Started GET "/second" for 127.0.0.1 at 2018-09-05 01:53:18 -0700
Processing by PagesController#second as HTML
  Rendering pages/second.html.erb within layouts/application
  Rendered pages/second.html.erb within layouts/application (0.4ms)
  Rendered layouts/_navbar.html.erb (0.7ms)
  Rendered layouts/_sidebar.html.erb (0.3ms)
Completed 200 OK in 27ms (Views: 25.6ms)


Started GET "/" for 127.0.0.1 at 2018-09-05 01:53:19 -0700
Processing by PagesController#index as HTML
  Rendering pages/index.html.erb within layouts/application
  Rendered pages/index.html.erb within layouts/application (0.3ms)
  Rendered layouts/_navbar.html.erb (0.5ms)
  Rendered layouts/_sidebar.html.erb (0.3ms)
Completed 200 OK in 27ms (Views: 26.5ms)


Started GET "/second" for 127.0.0.1 at 2018-09-05 01:53:20 -0700
Processing by PagesController#second as HTML
  Rendering pages/second.html.erb within layouts/application
  Rendered pages/second.html.erb within layouts/application (0.4ms)
  Rendered layouts/_navbar.html.erb (0.6ms)
  Rendered layouts/_sidebar.html.erb (0.3ms)
Completed 200 OK in 36ms (Views: 35.5ms)


Started GET "/index.html" for 127.0.0.1 at 2018-09-05 01:53:22 -0700
  
ActionController::RoutingError (No route matches [GET] "/index.html"):
  
actionpack (5.1.6) lib/action_dispatch/middleware/debug_exceptions.rb:63:in `call'
web-console (3.7.0) lib/web_console/middleware.rb:135:in `call_app'
web-console (3.7.0) lib/web_console/middleware.rb:30:in `block in call'
web-console (3.7.0) lib/web_console/middleware.rb:20:in `catch'
web-console (3.7.0) lib/web_console/middleware.rb:20:in `call'
actionpack (5.1.6) lib/action_dispatch/middleware/show_exceptions.rb:31:in `call'
railties (5.1.6) lib/rails/rack/logger.rb:36:in `call_app'
railties (5.1.6) lib/rails/rack/logger.rb:24:in `block in call'
activesupport (5.1.6) lib/active_support/tagged_logging.rb:69:in `block in tagged'
activesupport (5.1.6) lib/active_support/tagged_logging.rb:26:in `tagged'
activesupport (5.1.6) lib/active_support/tagged_logging.rb:69:in `tagged'
railties (5.1.6) lib/rails/rack/logger.rb:24:in `call'
sprockets-rails (3.2.1) lib/sprockets/rails/quiet_assets.rb:13:in `call'
actionpack (5.1.6) lib/action_dispatch/middleware/remote_ip.rb:79:in `call'
actionpack (5.1.6) lib/action_dispatch/middleware/request_id.rb:25:in `call'
rack (2.0.5) lib/rack/method_override.rb:22:in `call'
rack (2.0.5) lib/rack/runtime.rb:22:in `call'
activesupport (5.1.6) lib/active_support/cache/strategy/local_cache_middleware.rb:27:in `call'
actionpack (5.1.6) lib/action_dispatch/middleware/executor.rb:12:in `call'
actionpack (5.1.6) lib/action_dispatch/middleware/static.rb:125:in `call'
rack (2.0.5) lib/rack/sendfile.rb:111:in `call'
railties (5.1.6) lib/rails/engine.rb:522:in `call'
puma (3.12.0) lib/puma/configuration.rb:225:in `call'
puma (3.12.0) lib/puma/server.rb:658:in `handle_request'
puma (3.12.0) lib/puma/server.rb:472:in `process_client'
puma (3.12.0) lib/puma/server.rb:332:in `block in run'
puma (3.12.0) lib/puma/thread_pool.rb:133:in `block in spawn_thread'
Started GET "/second" for 127.0.0.1 at 2018-09-05 01:53:23 -0700
Started GET "/second" for 127.0.0.1 at 2018-09-05 01:53:23 -0700
Processing by PagesController#second as HTML
  Rendering pages/second.html.erb within layouts/application
  Rendered pages/second.html.erb within layouts/application (0.4ms)
Started GET "/second" for 127.0.0.1 at 2018-09-05 01:53:23 -0700
Processing by PagesController#second as HTML
Started GET "/second" for 127.0.0.1 at 2018-09-05 01:53:23 -0700
Processing by PagesController#second as HTML
Started GET "/second" for 127.0.0.1 at 2018-09-05 01:53:23 -0700
Processing by PagesController#second as HTML
Processing by PagesController#second as HTML
  Rendering pages/second.html.erb within layouts/application
  Rendered pages/second.html.erb within layouts/application (0.5ms)
  Rendering pages/second.html.erb within layouts/application
  Rendering pages/second.html.erb within layouts/application
  Rendered pages/second.html.erb within layouts/application (0.1ms)
  Rendered pages/second.html.erb within layouts/application (0.1ms)
  Rendering pages/second.html.erb within layouts/application
  Rendered pages/second.html.erb within layouts/application (0.1ms)
  Rendered layouts/_navbar.html.erb (0.4ms)
  Rendered layouts/_sidebar.html.erb (0.4ms)
  Rendered layouts/_navbar.html.erb (0.0ms)
  Rendered layouts/_navbar.html.erb (0.5ms)
  Rendered layouts/_navbar.html.erb (0.1ms)
  Rendered layouts/_sidebar.html.erb (0.0ms)
  Rendered layouts/_sidebar.html.erb (0.6ms)
  Rendered layouts/_navbar.html.erb (0.1ms)
  Rendered layouts/_sidebar.html.erb (0.1ms)
  Rendered layouts/_sidebar.html.erb (0.4ms)
Completed 200 OK in 232ms (Views: 230.5ms)


Completed 200 OK in 247ms (Views: 235.5ms)


Completed 200 OK in 251ms (Views: 235.9ms)


Completed 200 OK in 279ms (Views: 278.1ms)


Completed 200 OK in 255ms (Views: 254.1ms)


Started GET "/second" for 127.0.0.1 at 2018-09-05 01:53:24 -0700
Processing by PagesController#second as HTML
  Rendering pages/second.html.erb within layouts/application
  Rendered pages/second.html.erb within layouts/application (0.3ms)
  Rendered layouts/_navbar.html.erb (0.3ms)
  Rendered layouts/_sidebar.html.erb (0.2ms)
Completed 200 OK in 29ms (Views: 27.9ms)


Started GET "/second" for 127.0.0.1 at 2018-09-05 01:53:26 -0700
Processing by PagesController#second as HTML
  Rendering pages/second.html.erb within layouts/application
  Rendered pages/second.html.erb within layouts/application (0.3ms)
  Rendered layouts/_navbar.html.erb (0.5ms)
  Rendered layouts/_sidebar.html.erb (0.2ms)
Completed 200 OK in 24ms (Views: 23.2ms)


Started GET "/second" for 127.0.0.1 at 2018-09-05 01:53:27 -0700
Processing by PagesController#second as HTML
  Rendering pages/second.html.erb within layouts/application
  Rendered pages/second.html.erb within layouts/application (0.3ms)
  Rendered layouts/_navbar.html.erb (0.5ms)
  Rendered layouts/_sidebar.html.erb (0.3ms)
Completed 200 OK in 23ms (Views: 21.9ms)


Started GET "/second" for 127.0.0.1 at 2018-09-05 01:53:28 -0700
Processing by PagesController#second as HTML
  Rendering pages/second.html.erb within layouts/application
  Rendered pages/second.html.erb within layouts/application (0.4ms)
  Rendered layouts/_navbar.html.erb (0.7ms)
  Rendered layouts/_sidebar.html.erb (0.3ms)
Completed 200 OK in 26ms (Views: 25.6ms)


Started GET "/second" for 127.0.0.1 at 2018-09-05 01:59:54 -0700
Processing by PagesController#second as HTML
  Rendering pages/second.html.erb within layouts/application
  Rendered pages/second.html.erb within layouts/application (0.6ms)
  Rendered layouts/_navbar.html.erb (0.6ms)
  Rendered layouts/_sidebar.html.erb (1.1ms)
Completed 200 OK in 46ms (Views: 44.5ms)


Started GET "/" for 127.0.0.1 at 2018-09-05 01:59:58 -0700
Processing by PagesController#index as HTML
  Rendering pages/index.html.erb within layouts/application
  Rendered pages/index.html.erb within layouts/application (0.4ms)
  Rendered layouts/_navbar.html.erb (0.7ms)
  Rendered layouts/_sidebar.html.erb (1.1ms)
Completed 200 OK in 54ms (Views: 52.5ms)


Started GET "/index.html" for 127.0.0.1 at 2018-09-05 01:59:59 -0700
  
ActionController::RoutingError (No route matches [GET] "/index.html"):
  
actionpack (5.1.6) lib/action_dispatch/middleware/debug_exceptions.rb:63:in `call'
web-console (3.7.0) lib/web_console/middleware.rb:135:in `call_app'
web-console (3.7.0) lib/web_console/middleware.rb:30:in `block in call'
web-console (3.7.0) lib/web_console/middleware.rb:20:in `catch'
web-console (3.7.0) lib/web_console/middleware.rb:20:in `call'
actionpack (5.1.6) lib/action_dispatch/middleware/show_exceptions.rb:31:in `call'
railties (5.1.6) lib/rails/rack/logger.rb:36:in `call_app'
railties (5.1.6) lib/rails/rack/logger.rb:24:in `block in call'
activesupport (5.1.6) lib/active_support/tagged_logging.rb:69:in `block in tagged'
activesupport (5.1.6) lib/active_support/tagged_logging.rb:26:in `tagged'
activesupport (5.1.6) lib/active_support/tagged_logging.rb:69:in `tagged'
railties (5.1.6) lib/rails/rack/logger.rb:24:in `call'
sprockets-rails (3.2.1) lib/sprockets/rails/quiet_assets.rb:13:in `call'
actionpack (5.1.6) lib/action_dispatch/middleware/remote_ip.rb:79:in `call'
actionpack (5.1.6) lib/action_dispatch/middleware/request_id.rb:25:in `call'
rack (2.0.5) lib/rack/method_override.rb:22:in `call'
rack (2.0.5) lib/rack/runtime.rb:22:in `call'
activesupport (5.1.6) lib/active_support/cache/strategy/local_cache_middleware.rb:27:in `call'
actionpack (5.1.6) lib/action_dispatch/middleware/executor.rb:12:in `call'
actionpack (5.1.6) lib/action_dispatch/middleware/static.rb:125:in `call'
rack (2.0.5) lib/rack/sendfile.rb:111:in `call'
railties (5.1.6) lib/rails/engine.rb:522:in `call'
puma (3.12.0) lib/puma/configuration.rb:225:in `call'
puma (3.12.0) lib/puma/server.rb:658:in `handle_request'
puma (3.12.0) lib/puma/server.rb:472:in `process_client'
puma (3.12.0) lib/puma/server.rb:332:in `block in run'
puma (3.12.0) lib/puma/thread_pool.rb:133:in `block in spawn_thread'
Started GET "/" for 127.0.0.1 at 2018-09-05 02:00:00 -0700
Processing by PagesController#index as HTML
  Rendering pages/index.html.erb within layouts/application
  Rendered pages/index.html.erb within layouts/application (0.3ms)
  Rendered layouts/_navbar.html.erb (1.1ms)
  Rendered layouts/_sidebar.html.erb (0.5ms)
Completed 200 OK in 45ms (Views: 44.6ms)


Started GET "/" for 127.0.0.1 at 2018-09-05 02:00:00 -0700
Processing by PagesController#index as HTML
  Rendering pages/index.html.erb within layouts/application
  Rendered pages/index.html.erb within layouts/application (0.7ms)
  Rendered layouts/_navbar.html.erb (0.9ms)
  Rendered layouts/_sidebar.html.erb (0.6ms)
Completed 200 OK in 50ms (Views: 46.7ms)


Started GET "/" for 127.0.0.1 at 2018-09-05 02:00:33 -0700
Processing by PagesController#index as HTML
  Rendering pages/index.html.erb within layouts/application
  Rendered pages/index.html.erb within layouts/application (0.3ms)
  Rendered layouts/_navbar.html.erb (0.8ms)
  Rendered layouts/_sidebar.html.erb (0.3ms)
Completed 200 OK in 28ms (Views: 26.8ms)


Started GET "/" for 127.0.0.1 at 2018-09-05 02:02:27 -0700
Processing by PagesController#index as HTML
  Rendering pages/index.html.erb within layouts/application
  Rendered pages/index.html.erb within layouts/application (0.4ms)
  Rendered layouts/_navbar.html.erb (0.5ms)
  Rendered layouts/_sidebar.html.erb (0.5ms)
Completed 200 OK in 45ms (Views: 43.8ms)


Started GET "/" for 127.0.0.1 at 2018-09-05 02:02:28 -0700
Processing by PagesController#index as HTML
  Rendering pages/index.html.erb within layouts/application
  Rendered pages/index.html.erb within layouts/application (0.4ms)
  Rendered layouts/_navbar.html.erb (0.6ms)
  Rendered layouts/_sidebar.html.erb (0.5ms)
Completed 200 OK in 30ms (Views: 29.2ms)


Started GET "/" for 127.0.0.1 at 2018-09-05 02:02:36 -0700
Processing by PagesController#index as HTML
  Rendering pages/index.html.erb within layouts/application
  Rendered pages/index.html.erb within layouts/application (0.6ms)
  Rendered layouts/_navbar.html.erb (1.0ms)
  Rendered layouts/_sidebar.html.erb (0.8ms)
Completed 200 OK in 47ms (Views: 45.2ms)


Started GET "/" for 127.0.0.1 at 2018-09-05 02:02:43 -0700
Processing by PagesController#index as HTML
  Rendering pages/index.html.erb within layouts/application
  Rendered pages/index.html.erb within layouts/application (0.6ms)
  Rendered layouts/_navbar.html.erb (0.4ms)
  Rendered layouts/_sidebar.html.erb (0.6ms)
Completed 200 OK in 44ms (Views: 42.7ms)


Started GET "/" for 127.0.0.1 at 2018-09-05 02:03:45 -0700
Processing by PagesController#index as HTML
  Rendering pages/index.html.erb within layouts/application
  Rendered pages/index.html.erb within layouts/application (0.3ms)
  Rendered layouts/_navbar.html.erb (0.6ms)
  Rendered layouts/_sidebar.html.erb (0.5ms)
Completed 200 OK in 36ms (Views: 34.7ms)


Started GET "/second" for 127.0.0.1 at 2018-09-05 02:03:56 -0700
Processing by PagesController#second as HTML
  Rendering pages/second.html.erb within layouts/application
  Rendered pages/second.html.erb within layouts/application (0.4ms)
  Rendered layouts/_navbar.html.erb (0.5ms)
  Rendered layouts/_sidebar.html.erb (0.6ms)
Completed 200 OK in 31ms (Views: 30.1ms)


Started GET "/second" for 127.0.0.1 at 2018-09-05 02:03:57 -0700
Processing by PagesController#second as HTML
  Rendering pages/second.html.erb within layouts/application
  Rendered pages/second.html.erb within layouts/application (0.3ms)
  Rendered layouts/_navbar.html.erb (0.7ms)
  Rendered layouts/_sidebar.html.erb (0.3ms)
Completed 200 OK in 25ms (Views: 23.9ms)


Started GET "/second" for 127.0.0.1 at 2018-09-05 02:04:27 -0700
Processing by PagesController#second as HTML
  Rendering pages/second.html.erb within layouts/application
  Rendered pages/second.html.erb within layouts/application (0.3ms)
  Rendered layouts/_navbar.html.erb (0.7ms)
  Rendered layouts/_sidebar.html.erb (0.5ms)
Completed 200 OK in 31ms (Views: 30.2ms)


Started GET "/second" for 127.0.0.1 at 2018-09-05 02:04:42 -0700
Processing by PagesController#second as HTML
  Rendering pages/second.html.erb within layouts/application
  Rendered pages/second.html.erb within layouts/application (0.4ms)
  Rendered layouts/_navbar.html.erb (0.8ms)
  Rendered layouts/_sidebar.html.erb (0.5ms)
Completed 200 OK in 33ms (Views: 31.7ms)


Started GET "/second" for 127.0.0.1 at 2018-09-05 02:05:04 -0700
Processing by PagesController#second as HTML
  Rendering pages/second.html.erb within layouts/application
  Rendered pages/second.html.erb within layouts/application (0.4ms)
  Rendered layouts/_navbar.html.erb (0.9ms)
  Rendered layouts/_sidebar.html.erb (0.4ms)
Completed 200 OK in 29ms (Views: 28.0ms)


Started GET "/second" for 127.0.0.1 at 2018-09-05 02:05:57 -0700
Processing by PagesController#second as HTML
  Rendering pages/second.html.erb within layouts/application
  Rendered pages/second.html.erb within layouts/application (0.4ms)
  Rendered layouts/_navbar.html.erb (0.8ms)
  Rendered layouts/_sidebar.html.erb (1.0ms)
Completed 200 OK in 41ms (Views: 39.5ms)


Started GET "/charts.html" for 127.0.0.1 at 2018-09-05 02:05:59 -0700
  
ActionController::RoutingError (No route matches [GET] "/charts.html"):
  
actionpack (5.1.6) lib/action_dispatch/middleware/debug_exceptions.rb:63:in `call'
web-console (3.7.0) lib/web_console/middleware.rb:135:in `call_app'
web-console (3.7.0) lib/web_console/middleware.rb:30:in `block in call'
web-console (3.7.0) lib/web_console/middleware.rb:20:in `catch'
web-console (3.7.0) lib/web_console/middleware.rb:20:in `call'
actionpack (5.1.6) lib/action_dispatch/middleware/show_exceptions.rb:31:in `call'
railties (5.1.6) lib/rails/rack/logger.rb:36:in `call_app'
railties (5.1.6) lib/rails/rack/logger.rb:24:in `block in call'
activesupport (5.1.6) lib/active_support/tagged_logging.rb:69:in `block in tagged'
activesupport (5.1.6) lib/active_support/tagged_logging.rb:26:in `tagged'
activesupport (5.1.6) lib/active_support/tagged_logging.rb:69:in `tagged'
railties (5.1.6) lib/rails/rack/logger.rb:24:in `call'
sprockets-rails (3.2.1) lib/sprockets/rails/quiet_assets.rb:13:in `call'
actionpack (5.1.6) lib/action_dispatch/middleware/remote_ip.rb:79:in `call'
actionpack (5.1.6) lib/action_dispatch/middleware/request_id.rb:25:in `call'
rack (2.0.5) lib/rack/method_override.rb:22:in `call'
rack (2.0.5) lib/rack/runtime.rb:22:in `call'
activesupport (5.1.6) lib/active_support/cache/strategy/local_cache_middleware.rb:27:in `call'
actionpack (5.1.6) lib/action_dispatch/middleware/executor.rb:12:in `call'
actionpack (5.1.6) lib/action_dispatch/middleware/static.rb:125:in `call'
rack (2.0.5) lib/rack/sendfile.rb:111:in `call'
railties (5.1.6) lib/rails/engine.rb:522:in `call'
puma (3.12.0) lib/puma/configuration.rb:225:in `call'
puma (3.12.0) lib/puma/server.rb:658:in `handle_request'
puma (3.12.0) lib/puma/server.rb:472:in `process_client'
puma (3.12.0) lib/puma/server.rb:332:in `block in run'
puma (3.12.0) lib/puma/thread_pool.rb:133:in `block in spawn_thread'
Started GET "/second" for 127.0.0.1 at 2018-09-05 02:06:01 -0700
Processing by PagesController#second as HTML
  Rendering pages/second.html.erb within layouts/application
  Rendered pages/second.html.erb within layouts/application (0.3ms)
  Rendered layouts/_navbar.html.erb (0.7ms)
  Rendered layouts/_sidebar.html.erb (0.6ms)
Completed 200 OK in 30ms (Views: 28.6ms)


Started GET "/second" for 127.0.0.1 at 2018-09-05 02:06:10 -0700
Processing by PagesController#second as HTML
  Rendering pages/second.html.erb within layouts/application
  Rendered pages/second.html.erb within layouts/application (0.5ms)
  Rendered layouts/_navbar.html.erb (0.6ms)
  Rendered layouts/_sidebar.html.erb (0.3ms)
Completed 200 OK in 37ms (Views: 36.0ms)


Started GET "/second" for 127.0.0.1 at 2018-09-05 02:06:27 -0700
Processing by PagesController#second as HTML
  Rendering pages/second.html.erb within layouts/application
  Rendered pages/second.html.erb within layouts/application (0.4ms)
  Rendered layouts/_navbar.html.erb (0.6ms)
  Rendered layouts/_sidebar.html.erb (0.4ms)
Completed 200 OK in 39ms (Views: 38.3ms)


Started GET "/second" for 127.0.0.1 at 2018-09-05 02:06:30 -0700
Processing by PagesController#second as HTML
  Rendering pages/second.html.erb within layouts/application
  Rendered pages/second.html.erb within layouts/application (0.3ms)
  Rendered layouts/_navbar.html.erb (0.3ms)
  Rendered layouts/_sidebar.html.erb (0.3ms)
Completed 200 OK in 25ms (Views: 24.2ms)


Started GET "/apps-email.html" for 127.0.0.1 at 2018-09-05 02:06:55 -0700
  
ActionController::RoutingError (No route matches [GET] "/apps-email.html"):
  
actionpack (5.1.6) lib/action_dispatch/middleware/debug_exceptions.rb:63:in `call'
web-console (3.7.0) lib/web_console/middleware.rb:135:in `call_app'
web-console (3.7.0) lib/web_console/middleware.rb:30:in `block in call'
web-console (3.7.0) lib/web_console/middleware.rb:20:in `catch'
web-console (3.7.0) lib/web_console/middleware.rb:20:in `call'
actionpack (5.1.6) lib/action_dispatch/middleware/show_exceptions.rb:31:in `call'
railties (5.1.6) lib/rails/rack/logger.rb:36:in `call_app'
railties (5.1.6) lib/rails/rack/logger.rb:24:in `block in call'
activesupport (5.1.6) lib/active_support/tagged_logging.rb:69:in `block in tagged'
activesupport (5.1.6) lib/active_support/tagged_logging.rb:26:in `tagged'
activesupport (5.1.6) lib/active_support/tagged_logging.rb:69:in `tagged'
railties (5.1.6) lib/rails/rack/logger.rb:24:in `call'
sprockets-rails (3.2.1) lib/sprockets/rails/quiet_assets.rb:13:in `call'
actionpack (5.1.6) lib/action_dispatch/middleware/remote_ip.rb:79:in `call'
actionpack (5.1.6) lib/action_dispatch/middleware/request_id.rb:25:in `call'
rack (2.0.5) lib/rack/method_override.rb:22:in `call'
rack (2.0.5) lib/rack/runtime.rb:22:in `call'
activesupport (5.1.6) lib/active_support/cache/strategy/local_cache_middleware.rb:27:in `call'
actionpack (5.1.6) lib/action_dispatch/middleware/executor.rb:12:in `call'
actionpack (5.1.6) lib/action_dispatch/middleware/static.rb:125:in `call'
rack (2.0.5) lib/rack/sendfile.rb:111:in `call'
railties (5.1.6) lib/rails/engine.rb:522:in `call'
puma (3.12.0) lib/puma/configuration.rb:225:in `call'
puma (3.12.0) lib/puma/server.rb:658:in `handle_request'
puma (3.12.0) lib/puma/server.rb:472:in `process_client'
puma (3.12.0) lib/puma/server.rb:332:in `block in run'
puma (3.12.0) lib/puma/thread_pool.rb:133:in `block in spawn_thread'
Started GET "/second" for 127.0.0.1 at 2018-09-05 02:06:57 -0700
Processing by PagesController#second as HTML
  Rendering pages/second.html.erb within layouts/application
  Rendered pages/second.html.erb within layouts/application (0.3ms)
  Rendered layouts/_navbar.html.erb (1.5ms)
  Rendered layouts/_sidebar.html.erb (0.8ms)
Completed 200 OK in 36ms (Views: 34.9ms)


